C51 COMPILER V9.01   EV1527                                                                04/11/2016 14:38:44 PAGE 1   


C51 COMPILER V9.01, COMPILATION OF MODULE EV1527
OBJECT MODULE PLACED IN ev1527.obj
COMPILER INVOKED BY: D:\Keil\C51\BIN\C51.EXE Receiver\ev1527.c LARGE BROWSE INCDIR(.\Receiver) DEBUG OBJECTEXTEND PRINT(
                    -.\ev1527.lst) OBJECT(ev1527.obj)

line level    source

   1          #include "ev1527.h"
   2          #include "timer.h"
   3          #include "key.h"
   4          #include "at24c256.h"
   5          #include "menu.h"
   6          
   7          /********************解码方式专用变量*******************************/
   8          unsigned char Save_RF_trans1 = 0;
   9          unsigned char Save_RF_trans0 = 0;
  10          unsigned char RF_trans0 = 0;
  11          unsigned char RF_trans1 = 0;
  12          unsigned char RF_BIT_COUNTER = 0; 
  13          unsigned char Timer0_interrupt_count = 0; //进入中断后400MS  无结果 恢复初始化操作
  14          unsigned char P_RF_INT = 0x00;
  15          unsigned char RF_RECE_REG[3] = { 0 };
  16          
  17          unsigned int measure_sync_count1 = 70; //波长保存变量
  18          unsigned int measure_sync_count2 = 120;//同上
  19          unsigned int RF_trans1_test_count = 0; //码长测试变量
  20          unsigned int RF_trans0_test_count = 0; //码长测试变量
  21          unsigned int RF_trans_count = 0;           //码长测试变量
  22          unsigned int measure_sync_count1_saved = 70;
  23          unsigned int measure_sync_count2_saved = 120;
  24          unsigned int tunning_finish_count = 0;
  25          
  26          unsigned char receive_rf_decoder_finished = 0;      //一次解码完成标志位
  27          unsigned char again_receive_rf_decoder_finished = 0;//二次解码完成标志位
  28          unsigned char rx_table = 0;                                                     //二次解码switch步骤变量
  29          unsigned char again_and_again_decoder_table = 0;     //二次编码成功标志位
  30          
  31          unsigned char register_manager = 0;
  32          
  33          
  34          
  35          
  36          
  37          unsigned char old1_RF_RECE_REG[3] = { 0 };//用于校验
  38          unsigned char old2_RF_RECE_REG[3] = { 0 };//用于读取
  39          
  40          void exint0_init(void) //外部中断0 初始化
  41          {
  42   1              EA = 1;
  43   1              EX0 = 1;
  44   1              IT0 = 1;
  45   1      }
  46          
  47          void exint0() interrupt 0 //外部中断0中断服务函数
  48          {
  49   1              EX0 = 0;
  50   1              if (TR1 == 0)
  51   1              {
  52   2                      //Init_Timer1();//sjz add for initialization timer0 before enable it
  53   2                      TR1 = 1;
  54   2              }
C51 COMPILER V9.01   EV1527                                                                04/11/2016 14:38:44 PAGE 2   

  55   1      }
  56          
  57          void RF_ini_receive(void) //初始化所有解码所用到的变量
  58          {
  59   1              Save_RF_trans1 = 0; Save_RF_trans0 = 0;
  60   1              RF_trans0 = RF_trans1 = 0;
  61   1              RF_BIT_COUNTER = 0;
  62   1              P_RF_INT = 0x00;
  63   1              Timer0_interrupt_count = 0;//sjz
  64   1      }
  65          
  66          void RF_decode_main(void)
  67          {
  68   1              if (P3_RF_RXD == 1)
  69   1              {
  70   2                      ++RF_trans1;
  71   2              }
  72   1              else
  73   1              {
  74   2                      ++RF_trans0;
  75   2              }
  76   1              Timer0_interrupt_count++;
  77   1              if (Timer0_interrupt_count>4000)/*4000*100us=400ms,*/
  78   1              {
  79   2                      TR1 = 0;/*shut down timer0 interrupt sjz*/
  80   2                      EX0 = 1;
  81   2                      RF_ini_receive();
  82   2                      return;
  83   2      
  84   2              }
  85   1              switch (P_RF_INT)
  86   1              {
  87   2              case 0:  //等待长低电平同步
  88   2                      if (RF_trans1 > 0)
  89   2                      {
  90   3                              //包含的高脉冲太多
  91   3                              RF_ini_receive();
  92   3                              EX0 = 1;
  93   3                              TR1 = 0;
  94   3                              return;
  95   3                      }
  96   2                      if (RF_trans0 >70)//measure_sync_count1)
  97   2                      {
  98   3                              //长低同步完成
  99   3                              P_RF_INT++;
 100   3                              RF_trans0 = RF_trans1 = 0;
 101   3                      }
 102   2                      break;
 103   2              case 1: //等待真正的同步头
 104   2                      if ((RF_trans0 + RF_trans1) >140 )//measure_sync_count2)/*sjz change from 150 to 120,to shorten the dete
             -ction when  the header of synchronization coming*/
 105   2                      {
 106   3                              //10mS没有同步高脉冲
 107   3                              RF_ini_receive();
 108   3                              EX0 = 1;
 109   3                              TR1 = 0;
 110   3                              return;
 111   3                      }
 112   2                      if (RF_trans1 > 1)
 113   2                      {
 114   3                              //高电平同步到了(最少检测到 2 次)
 115   3                              if (EX0 == 1)
C51 COMPILER V9.01   EV1527                                                                04/11/2016 14:38:44 PAGE 3   

 116   3                              {
 117   4                                      EX0 = 0;/*double check,since we have already detect the synchronization,if EXTINT0 is enable,need to d
             -isable  sjz*/
 118   4                              }
 119   3                              P_RF_INT++;
 120   3                              RF_trans0 = 0;
 121   3                              // RF_L_wait_H = 1;
 122   3                      }
 123   2                      break;
 124   2              case 2:
 125   2                      if (RF_trans0 > 1)
 126   2                      {
 127   3                              Save_RF_trans1 = RF_trans1;
 128   3                              RF_trans1 = 0;
 129   3                              P_RF_INT++;
 130   3                      }
 131   2                      if (RF_trans1>25)//((measure_sync_count2 + measure_sync_count1) >> 3)) /*if the high level is bigger tha
             -n 25*100us,Then should be setted as noise instead of useful signal sjz*/
 132   2                      {
 133   3                              RF_ini_receive();//KEY_HOLD = 0;
 134   3                              EX0 = 1;
 135   3                              TR1 = 0;
 136   3                              return;
 137   3                      }
 138   2                      break;
 139   2              case 3:if (RF_trans1 > 1)
 140   2              {
 141   3                                 Save_RF_trans0 = RF_trans0;
 142   3                                 RF_trans0 = 0;
 143   3                                 P_RF_INT = 2;
 144   3                                 RF_RECE_REG[RF_BIT_COUNTER / 8] <<= 1;
 145   3                                 if (Save_RF_trans1 >Save_RF_trans0)
 146   3                                 {
 147   4                                         RF_RECE_REG[(RF_BIT_COUNTER) / 8] |= 0x01;
 148   4                                 }
 149   3                                 ++RF_BIT_COUNTER;
 150   3                                 if (RF_BIT_COUNTER >23)
 151   3                                 {
 152   4                                         //P_RF_INT = 4;
 153   4                                         TR1 = 0;
 154   4                                         RF_ini_receive();
 155   4                                         receive_rf_decoder_finished = 1;
 156   4                                         EX0 = 1;
 157   4                                         break;
 158   4                                 }
 159   3              }
 160   2                         if (RF_trans0> 25)//((measure_sync_count2 + measure_sync_count1) >> 3))
 161   2                         {
 162   3                                 RF_ini_receive();
 163   3                                 EX0 = 1;
 164   3                                 TR1 = 0;
 165   3                                 return;
 166   3                         }
 167   2                         break;
 168   2              //case 4:
 169   2              //      if (RF_trans0 > 0)
 170   2              //      {
 171   2              //              Save_RF_trans1 = RF_trans1;
 172   2              //              RF_trans1 = 0;
 173   2              //              P_RF_INT++;
 174   2              //      }
 175   2              //      if (RF_trans1>((measure_sync_count2 + measure_sync_count1) >> 3)) /*if the high level is bigger than 2
C51 COMPILER V9.01   EV1527                                                                04/11/2016 14:38:44 PAGE 4   

             -5*100us,Then should be setted as noise instead of useful signal sjz*/
 176   2              //      {
 177   2              //              RF_ini_receive();//KEY_HOLD = 0;
 178   2              //              EX0 = 1;
 179   2              //              TR1 = 0;
 180   2              //              return;
 181   2              //      }
 182   2              //      break;
 183   2              //case 5:
 184   2              //      if (RF_trans1 > 0)
 185   2              //      {
 186   2              //              if (RF_trans0 > measure_sync_count2)
 187   2              //              {
 188   2              //                      TR1 = 0;
 189   2              //                      //RF_ini_receive();
 190   2              //                      receive_rf_decoder_finished = 1;
 191   2              //                      EX0 = 1;
 192   2              //              }
 193   2              //              RF_ini_receive();
 194   2              //      }
 195   2              //      if (RF_trans0>(measure_sync_count2 + measure_sync_count1))
 196   2              //      {
 197   2              //              RF_ini_receive();
 198   2              //              EX0 = 1;
 199   2              //              TR1 = 0;
 200   2              //              receive_rf_decoder_finished = 0;
 201   2              //              return;
 202   2              //      }
 203   2              //      break;
 204   2      
 205   2              default: //异常处理
 206   2              {
 207   3                                       RF_ini_receive();
 208   3                                       EX0 = 1;
 209   3                                       TR1 = 0;
 210   3              }break;
 211   2              }
 212   1      }
 213          
 214          void receive_rf_decoder(void)
 215          {
 216   1      
 217   1              unsigned char func_index_temp = 0;
 218   1              uint32_t dat;
 219   1              RF_def RFtmp;
 220   1              func_index_temp = return_func_index();
 221   1      
 222   1              if (receive_rf_decoder_finished == 1)
 223   1              {
 224   2                      receive_rf_decoder_finished = 0;
 225   2                      EX0 = 0;
 226   2                      switch (rx_table)
 227   2                      {
 228   3                      case 0: //第一次取得码
 229   3                              old1_RF_RECE_REG[0] = RF_RECE_REG[0];
 230   3                              old1_RF_RECE_REG[1] = RF_RECE_REG[1];
 231   3                              old1_RF_RECE_REG[2] = RF_RECE_REG[2];
 232   3                              rx_table = 1;
 233   3                              break;
 234   3                      case 1:
 235   3                              if (old1_RF_RECE_REG[0] == RF_RECE_REG[0] && old1_RF_RECE_REG[1] == RF_RECE_REG[1] && old1_RF_RECE_REG[
             -2] == RF_RECE_REG[2])
C51 COMPILER V9.01   EV1527                                                                04/11/2016 14:38:44 PAGE 5   

 236   3                              {
 237   4                                      if (old2_RF_RECE_REG[0] == RF_RECE_REG[0] && old2_RF_RECE_REG[1] == RF_RECE_REG[1] && old2_RF_RECE_REG
             -[2] == RF_RECE_REG[2])
 238   4                                      {
 239   5                                              if (again_and_again_decoder_table == 0) //如果该位不等于0  代表着上一次解码等于这次
 240   5                                              {
 241   6                                                      old2_RF_RECE_REG[0] = RF_RECE_REG[0];
 242   6                                                      old2_RF_RECE_REG[1] = RF_RECE_REG[1];
 243   6                                                      old2_RF_RECE_REG[2] = RF_RECE_REG[2];
 244   6                                                      again_receive_rf_decoder_finished = 1;
 245   6                                                      clear_again_and_again_time();
 246   6                                              }
 247   5      
 248   5                                      }
 249   4                                      else
 250   4                                      {
 251   5                                              old2_RF_RECE_REG[0] = RF_RECE_REG[0];
 252   5                                              old2_RF_RECE_REG[1] = RF_RECE_REG[1];
 253   5                                              old2_RF_RECE_REG[2] = RF_RECE_REG[2];
 254   5                                              again_receive_rf_decoder_finished = 1;
 255   5                                              clear_again_and_again_time();
 256   5                                      }
 257   4                                      
 258   4                                      again_and_again_decoder_table = 1;
 259   4                                      clear_return_standby_time();
 260   4                                      dat = ((uint32_t)old2_RF_RECE_REG[0]) << 16 | ((uint32_t)old2_RF_RECE_REG[1]) << 8 | ((uint32_t)old2_R
             -F_RECE_REG[2]);
 261   4      
 262   4                                      if (Find_RF_EEPROM_Host(&RFtmp, dat))
 263   4                                      {
 264   5                                              register_manager = 1;
 265   5                                              set_sound_table(1);
 266   5                                              clear_return_standby_time();
 267   5                                      }
 268   4      
 269   4                                      RF_RECE_REG[0] = 0;
 270   4                                      RF_RECE_REG[1] = 0;
 271   4                                      RF_RECE_REG[2] = 0;
 272   4                                      old1_RF_RECE_REG[0] = 0;
 273   4                                      old1_RF_RECE_REG[1] = 0;
 274   4                                      old1_RF_RECE_REG[2] = 0;
 275   4                                      if (func_index_temp != TWO_MENU_F8_E2_SET)
 276   4                                      {
 277   5                                              //set_sound_table(1);
 278   5                                      }
 279   4                                      //func_f1_1_4_table = 1;
 280   4                                      rx_table = 0;
 281   4                              }
 282   3                              else
 283   3                              {
 284   4                                      old1_RF_RECE_REG[0] = RF_RECE_REG[0];
 285   4                                      old1_RF_RECE_REG[1] = RF_RECE_REG[1];
 286   4                                      old1_RF_RECE_REG[2] = RF_RECE_REG[2];
 287   4                              }
 288   3                              break;
 289   3                      }
 290   2                      EX0 = 1;        
 291   2              }
 292   1      }
 293          
 294          void RF_decode_main_sjz_test(void)
 295          {
C51 COMPILER V9.01   EV1527                                                                04/11/2016 14:38:44 PAGE 6   

 296   1      
 297   1              if (P3_RF_RXD == 1)
 298   1              {
 299   2                      ++RF_trans1;
 300   2              }
 301   1              else
 302   1              {
 303   2                      ++RF_trans0;
 304   2              }
 305   1              Timer0_interrupt_count++;
 306   1              if (Timer0_interrupt_count>4000)/*4000*100us=400ms,*/
 307   1              {
 308   2                      TR1 = 0;/*shut down timer0 interrupt sjz*/
 309   2                      EX0 = 1;
 310   2                      RF_ini_receive();
 311   2                      return;
 312   2              }
 313   1              switch (P_RF_INT)
 314   1              {
 315   2              case 0:  //等待长低电平同步
 316   2                      if (RF_trans1 > 0)
 317   2                      {
 318   3                              //包含的高脉冲太多
 319   3      
 320   3                              EX0 = 1;
 321   3                              TR1 = 0;
 322   3                              RF_ini_receive();
 323   3                              return;
 324   3                      }
 325   2                      if (RF_trans0 >(60 + RF_trans1_test_count*TUNNING_STEP))
 326   2                      {
 327   3                              //长低同步完成
 328   3                              P_RF_INT++;
 329   3                              measure_sync_count1 = 60 + RF_trans1_test_count*TUNNING_STEP;
 330   3                              RF_trans0 = RF_trans1 = 0;
 331   3                      }
 332   2                      break;
 333   2              case 1: //等待真正的同步头
 334   2                      if ((RF_trans0 + RF_trans1) >(120 + RF_trans0_test_count*TUNNING_STEP))//120)/*sjz change from 150 to 12
             -0,to shorten the detection when  the header of synchronization coming*/
 335   2                      {
 336   3                              //10mS没有同步高脉冲
 337   3                              // measure_sync_count2=RF_trans0;
 338   3                              if (RF_trans1 == 0)
 339   3                              {
 340   4                                      RF_trans0_test_count++;
 341   4                                      RF_trans1_test_count++;
 342   4                              }
 343   3                              RF_ini_receive();
 344   3                              EX0 = 1;
 345   3                              TR1 = 0;
 346   3                              return;
 347   3                      }
 348   2      
 349   2                      if (RF_trans1 > 1)
 350   2                      {
 351   3                              measure_sync_count2 = 120 + RF_trans0_test_count*TUNNING_STEP;
 352   3                              RF_trans0_test_count = 0;
 353   3                              RF_trans1_test_count = 0;
 354   3                              //高电平同步到了(最少检测到 2 次)
 355   3                              if (EX0 == 1)
 356   3                              {
C51 COMPILER V9.01   EV1527                                                                04/11/2016 14:38:44 PAGE 7   

 357   4                                      EX0 = 0;/*double check,since we have already detect the synchronization,if EXTINT0 is enable,need to d
             -isable  sjz*/
 358   4                              }
 359   3                              P_RF_INT++;
 360   3                              RF_trans0 = 0;
 361   3                              // RF_L_wait_H = 1;
 362   3                      }
 363   2                      break;
 364   2              case 2:
 365   2                      if (RF_trans0 > 0)
 366   2                      {
 367   3                              Save_RF_trans1 = RF_trans1;
 368   3                              RF_trans1 = 0;
 369   3                              P_RF_INT++;
 370   3                      }
 371   2                      if (RF_trans1>((measure_sync_count2 + measure_sync_count1) >> 3))//20) /*if the high level is bigger tha
             -n 25*100us,Then should be setted as noise instead of useful signal sjz*/
 372   2                      {
 373   3                              RF_ini_receive();//KEY_HOLD = 0;
 374   3                              EX0 = 1;
 375   3                              TR1 = 0;
 376   3                              return;
 377   3                      }
 378   2                      break;
 379   2              case 3:if (RF_trans1 > 0)
 380   2              {
 381   3                                 Save_RF_trans0 = RF_trans0;
 382   3                                 RF_trans0 = 0;
 383   3                                 P_RF_INT = 2;
 384   3                                 RF_RECE_REG[RF_BIT_COUNTER / 8] <<= 1;
 385   3                                 if (Save_RF_trans1 >Save_RF_trans0)
 386   3                                 {
 387   4                                         RF_RECE_REG[(RF_BIT_COUNTER) / 8] |= 0x01;
 388   4                                 }
 389   3                                 ++RF_BIT_COUNTER;
 390   3                                 if (RF_BIT_COUNTER >23)
 391   3                                 {
 392   4                                         TR1 = 0;
 393   4                                         RF_trans_count = Save_RF_trans1 + Save_RF_trans0;
 394   4                                         RF_ini_receive();
 395   4                                              //   receive_rf_decoder_finished = 1;
 396   4                                         /*sjz*/
 397   4                                         tunning_finish_count++;
 398   4                                         measure_sync_count2_saved = measure_sync_count2_saved + measure_sync_count2;
 399   4                                         measure_sync_count2 = measure_sync_count2_saved >> 1;
 400   4                                         measure_sync_count2_saved = measure_sync_count2;
 401   4      
 402   4                                         if ((tunning_finish_count>1) && ((measure_sync_count1 - measure_sync_count1_saved <= 30) || (measur
             -e_sync_count1_saved - measure_sync_count1 <= 30)))
 403   4                                         {
 404   5                                                 measure_sync_count1_saved = measure_sync_count1_saved + measure_sync_count1;
 405   5                                                 measure_sync_count1 = measure_sync_count1_saved >> 1;
 406   5                                                 measure_sync_count1_saved = measure_sync_count1;
 407   5                                               //  decoder_speed_test_finish = 1;
 408   5                                         }
 409   4      
 410   4                                         EX0 = 1;
 411   4                                         break;
 412   4                                 }
 413   3              }
 414   2                         if (RF_trans0>((measure_sync_count2 + measure_sync_count1) >> 3))//20)
 415   2                         {
C51 COMPILER V9.01   EV1527                                                                04/11/2016 14:38:44 PAGE 8   

 416   3                                 RF_ini_receive();
 417   3                                 EX0 = 1;
 418   3                                 TR1 = 0;
 419   3                                 return;
 420   3                         }
 421   2                         break;
 422   2              default: //异常处理
 423   2              {
 424   3                                       RF_ini_receive();
 425   3                                       EX0 = 1;
 426   3                                       TR1 = 0;
 427   3              }break;
 428   2              }
 429   1      }
 430          
 431          unsigned char return_again_receive_rf_decoder_finished(void)
 432          {
 433   1              unsigned char temp;
 434   1              temp = again_receive_rf_decoder_finished;
 435   1              return temp;
 436   1      }
 437          
 438          void clear_again_receive_rf_decoder_finished(void)
 439          {
 440   1              again_receive_rf_decoder_finished = 0;
 441   1      }
 442          
 443          unsigned char return_again_and_again_decoder_table(void)
 444          {
 445   1              unsigned char temp;
 446   1              temp = again_and_again_decoder_table;
 447   1              return temp;
 448   1      }
 449          
 450          void clear_again_and_again_decoder_table(void)
 451          {
 452   1              again_and_again_decoder_table = 0;
 453   1      }
 454          
 455          unsigned char return_register_manager(void)
 456          {
 457   1              unsigned char temp;
 458   1              temp = register_manager;
 459   1              return temp;
 460   1      }
 461          
 462          void clear_register_manager(void)
 463          {
 464   1              register_manager = 0;
 465   1      }
 466          
 467          unsigned int return_RF_trans_count(void)
 468          {
 469   1              unsigned int temp;
 470   1              temp = RF_trans_count;
 471   1              return temp;
 472   1      }


MODULE INFORMATION:   STATIC OVERLAYABLE
   CODE SIZE        =   1416    ----
   CONSTANT SIZE    =   ----    ----
C51 COMPILER V9.01   EV1527                                                                04/11/2016 14:38:44 PAGE 9   

   XDATA SIZE       =     37       9
   PDATA SIZE       =   ----    ----
   DATA SIZE        =   ----    ----
   IDATA SIZE       =   ----    ----
   BIT SIZE         =   ----    ----
END OF MODULE INFORMATION.


C51 COMPILATION COMPLETE.  0 WARNING(S),  0 ERROR(S)
