C51 COMPILER V9.01   MAIN                                                                  04/11/2016 14:38:44 PAGE 1   


C51 COMPILER V9.01, COMPILATION OF MODULE MAIN
OBJECT MODULE PLACED IN main.obj
COMPILER INVOKED BY: D:\Keil\C51\BIN\C51.EXE Receiver\main.c LARGE BROWSE INCDIR(.\Receiver) DEBUG OBJECTEXTEND PRINT(.\
                    -main.lst) OBJECT(main.obj)

line level    source

   1          #include "STC15F2K60S2.H"
   2          #include "usart.h"
   3          #include "key.h"
   4          #include "tm1629.h"
   5          #include "timer.h"
   6          #include "ds1302.h"
   7          #include "ev1527.h"
   8          #include "decoder.h"
   9          #include "gd5800.h"
  10          #include "menu.h"
  11          #include "printer.h"
  12          #include "global.h"
  13          
  14          void main()
  15          {       
  16   1              //WDT_CONTR = 0x00;
  17   1              UsartInit();    //串口初始化
  18   1      #ifdef DEBUG
                      uart_printf("UsartInit Complete! \r\n");
              #endif
  21   1              
  22   1      #ifdef DEBUG
                      uart_printf("tm1629_init Complete! \r\n");
              #endif
  25   1              Init_Timer0();
  26   1      #ifdef DEBUG
                      uart_printf("Init_Timer0 Complete! \r\n");
              #endif
  29   1              Init_Timer1();
  30   1      #ifdef DEBUG
                      uart_printf("Init_Timer1 Complete! \r\n");
              #endif
  33   1              exint0_init();
  34   1      #ifdef DEBUG
                      uart_printf("exint0_init Complete! \r\n");
              #endif
  37   1              Ds1302_Init();
  38   1      #ifdef DEBUG
                      uart_printf("Ds1302_Init Complete! \r\n");
              #endif
  41   1              GD5800_initialization();
  42   1              delay10ms();
  43   1      #ifdef DEBUG
                      uart_printf("GD5800_initialization Complete! \r\n");
              #endif
  46   1              //Ds1302_Write_Time();
  47   1      #if 0 //def PRINTER
                   printer58mm_initialization();
              #endif
  50   1              P3M1 = 0X0C; //IO口设置为输入 必须添加 否则无法解码
  51   1              P3M0 = 0X00;
  52   1      
  53   1              tm1629_init();
  54   1              //GD5800_select_chapter(CHUSHIHUA);
C51 COMPILER V9.01   MAIN                                                                  04/11/2016 14:38:44 PAGE 2   

  55   1              env_init();
  56   1              
  57   1      #ifdef WDT_FUNC
                     WDT_CONTR = 0x3e; /*进行分频，时间为4s，在空闲状态也计数，启动*/
              #endif
  60   1      
  61   1              while (1)
  62   1              {
  63   2      #ifdef WDT_FUNC
                     WDT_CONTR = 0x3e;  /* 4 seconds to 喂狗*/
              #endif
  66   2                      KeyProcess();
  67   2                      DecoderProcess();
  68   2      
  69   2      #ifdef REPLAY_PATCH /*sjz add 2015 11 30*/
  70   2      
  71   2              replay_process();
  72   2      /*sjz add 2015 11 30 end*/
  73   2      #endif
  74   2      
  75   2      
  76   2      
  77   2              }
  78   1      }
  79          
  80          
  81          


MODULE INFORMATION:   STATIC OVERLAYABLE
   CODE SIZE        =     44    ----
   CONSTANT SIZE    =   ----    ----
   XDATA SIZE       =   ----    ----
   PDATA SIZE       =   ----    ----
   DATA SIZE        =   ----    ----
   IDATA SIZE       =   ----    ----
   BIT SIZE         =   ----    ----
END OF MODULE INFORMATION.


C51 COMPILATION COMPLETE.  0 WARNING(S),  0 ERROR(S)
